[DEBUG] 2023-12-21 17:50:07,418 (irsim.py 620): Parsed arguments: {'irpath': 'curtest/test_3_r03.ir', 'inputs': '', 'logpath': 'irsim.log'}
[INFO] 2023-12-21 17:50:07,420 (irsim.py 567): File loaded successfully
[INFO] 2023-12-21 17:50:14,829 (irsim.py 567): Program has exited gracefully
[INFO] 2023-12-21 17:50:14,830 (irsim.py 567): Total instructions = 7880
[WARNING] 2023-12-21 17:50:14,831 (irsim.py 574): Program Counter goes out of bound. The running program will be terminated instantly
[INFO] 2023-12-21 17:52:14,631 (irsim.py 567): KeyboardInterrupt raised, quit program
[DEBUG] 2023-12-21 17:53:41,073 (irsim.py 620): Parsed arguments: {'irpath': 'curtest/test_3_r03.ir', 'inputs': '', 'logpath': 'irsim.log'}
[INFO] 2023-12-21 17:53:41,076 (irsim.py 567): File loaded successfully
[INFO] 2023-12-21 17:53:48,502 (irsim.py 567): Program has exited gracefully
[INFO] 2023-12-21 17:53:48,503 (irsim.py 567): Total instructions = 7880
[INFO] 2023-12-21 17:53:51,702 (irsim.py 567): KeyboardInterrupt raised, quit program
[DEBUG] 2023-12-21 19:34:17,829 (irsim.py 620): Parsed arguments: {'irpath': 'curtest/test_3_r01.ir', 'inputs': '121', 'logpath': 'irsim.log'}
[INFO] 2023-12-21 19:34:17,831 (irsim.py 567): File loaded successfully
[INFO] 2023-12-21 19:34:21,696 (irsim.py 567): Program has exited gracefully
[INFO] 2023-12-21 19:34:21,696 (irsim.py 567): Total instructions = 107
[INFO] 2023-12-21 19:34:26,803 (irsim.py 567): KeyboardInterrupt raised, quit program
[DEBUG] 2023-12-21 19:34:35,152 (irsim.py 620): Parsed arguments: {'irpath': 'curtest/test_3_r01.ir', 'inputs': '45', 'logpath': 'irsim.log'}
[INFO] 2023-12-21 19:34:35,155 (irsim.py 567): File loaded successfully
[INFO] 2023-12-21 19:34:35,947 (irsim.py 567): Program has exited gracefully
[INFO] 2023-12-21 19:34:35,947 (irsim.py 567): Total instructions = 83
[INFO] 2023-12-21 19:34:37,595 (irsim.py 567): KeyboardInterrupt raised, quit program
[DEBUG] 2023-12-21 19:36:21,907 (irsim.py 620): Parsed arguments: {'irpath': 'curtest/test_3_r02.ir', 'inputs': '5,2', 'logpath': 'irsim.log'}
[INFO] 2023-12-21 19:36:21,909 (irsim.py 567): File loaded successfully
[INFO] 2023-12-21 19:36:23,513 (irsim.py 567): Program has exited gracefully
[INFO] 2023-12-21 19:36:23,513 (irsim.py 567): Total instructions = 67
[INFO] 2023-12-21 19:36:25,112 (irsim.py 567): KeyboardInterrupt raised, quit program
[DEBUG] 2023-12-21 19:36:31,727 (irsim.py 620): Parsed arguments: {'irpath': 'curtest/test_3_r02.ir', 'inputs': '5,3', 'logpath': 'irsim.log'}
[INFO] 2023-12-21 19:36:31,729 (irsim.py 567): File loaded successfully
[INFO] 2023-12-21 19:36:33,790 (irsim.py 567): Program has exited gracefully
[INFO] 2023-12-21 19:36:33,790 (irsim.py 567): Total instructions = 70
[INFO] 2023-12-21 19:41:35,591 (irsim.py 567): KeyboardInterrupt raised, quit program
[DEBUG] 2023-12-21 19:43:11,177 (irsim.py 620): Parsed arguments: {'irpath': 'curtest/test_3_r04.ir', 'inputs': '', 'logpath': 'irsim.log'}
[INFO] 2023-12-21 19:43:11,181 (irsim.py 567): File loaded successfully
[INFO] 2023-12-21 19:44:08,081 (irsim.py 567): Program has exited gracefully
[INFO] 2023-12-21 19:44:08,082 (irsim.py 567): Total instructions = 71558
[INFO] 2023-12-21 19:44:17,651 (irsim.py 567): KeyboardInterrupt raised, quit program
[DEBUG] 2023-12-21 19:46:33,595 (irsim.py 620): Parsed arguments: {'irpath': 'curtest/test_3_r05.ir', 'inputs': '5', 'logpath': 'irsim.log'}
[INFO] 2023-12-21 19:46:33,597 (irsim.py 567): File loaded successfully
[INFO] 2023-12-21 19:46:36,265 (irsim.py 567): Program has exited gracefully
[INFO] 2023-12-21 19:46:36,266 (irsim.py 567): Total instructions = 71
[INFO] 2023-12-21 19:46:38,135 (irsim.py 567): KeyboardInterrupt raised, quit program
[DEBUG] 2023-12-21 19:48:36,336 (irsim.py 620): Parsed arguments: {'irpath': 'curtest/test_3_r06.ir', 'inputs': '', 'logpath': 'irsim.log'}
[INFO] 2023-12-21 19:48:36,339 (irsim.py 567): File loaded successfully
[INFO] 2023-12-21 19:48:37,742 (irsim.py 567): Program has exited gracefully
[INFO] 2023-12-21 19:48:37,742 (irsim.py 567): Total instructions = 194
[WARNING] 2023-12-21 19:48:37,753 (irsim.py 574): Program Counter goes out of bound. The running program will be terminated instantly
[INFO] 2023-12-21 19:48:55,338 (irsim.py 567): KeyboardInterrupt raised, quit program
